"../../../Engine/Content/EditorBlueprintResources/StandardMacros.uasset" 0
"../../../Engine/Content/EditorBlueprintResources/ActorMacros.uasset" 1
"C:/Users/owend/Documents/GitHub/Mazed/Content/EasySave/mySaver.uasset" 2
"C:/Users/owend/Documents/GitHub/Mazed/Content/EasySave/easySave.uasset" 3
"C:/Users/owend/Documents/GitHub/Mazed/Content/EasySave/savedTypes.uasset" 4
"C:/Users/owend/Documents/GitHub/Mazed/Content/EasySave/easySaveObject.uasset" 5
"C:/Users/owend/Documents/GitHub/Mazed/Content/Gravity/Blueprints/GravityLogic/BP_GravityReceiver.uasset" 6
"C:/Users/owend/Documents/GitHub/Mazed/Content/Gravity/Blueprints/Helpers/BP_MathHelpers.uasset" 7
"C:/Users/owend/Documents/GitHub/Mazed/Content/Gravity/Blueprints/SceneObjects/BP_InteractiveObject.uasset" 8
"C:/Users/owend/Documents/GitHub/Mazed/Content/Assets/WorldCollection.uasset" 9
"C:/Users/owend/Documents/GitHub/Mazed/Content/HospitalSettings/Audio/AirCon.uasset" 10
"C:/Users/owend/Documents/GitHub/Mazed/Content/Gravity/Blueprints/GravityLogic/BP_GravityCharacterBase.uasset" 11
"C:/Users/owend/Documents/GitHub/Mazed/Content/GlowMaterialFuction.uasset" 12
"C:/Users/owend/Documents/GitHub/Mazed/Content/Assets/LevelBuilder/Floor/Floor_Mat.uasset" 13
"../../../Engine/Content/Functions/Engine_MaterialFunctions01/Density/ExponentialDensity.uasset" 14
"../../../Engine/Content/Functions/Engine_MaterialFunctions01/Gradient/RadialGradientExponential.uasset" 15
"C:/Users/owend/Documents/GitHub/Mazed/Content/Particles/Particle.uasset" 16
"../../Plugins/FX/Niagara/Content/DynamicInputs/ValueFromCurve/ColorFromCurve.uasset" 17
"../../Plugins/FX/Niagara/Content/DynamicInputs/ValueFromCurve/FloatFromCurve.uasset" 18
"../../Plugins/FX/Niagara/Content/Functions/Emitter/EmitterChangeState.uasset" 19
"../../Plugins/FX/Niagara/Content/Modules/Emitter/EmitterLifeCycle.uasset" 20
"../../Plugins/FX/Niagara/Content/Modules/Emitter/SpawnRate.uasset" 21
"../../Plugins/FX/Niagara/Content/Functions/DirectionAndLengthSafe.uasset" 22
"../../Plugins/FX/Niagara/Content/Functions/Localspace/NF_InitialParticlePosition.uasset" 23
"../../Plugins/FX/Niagara/Content/Functions/Rotation/AxisAngleToQuaternion.uasset" 24
"../../Plugins/FX/Niagara/Content/Functions/Rotation/MultiplyQuaternion.uasset" 25
"../../Plugins/FX/Niagara/Content/Functions/Rotation/QuaternionToAxisAngle.uasset" 26
"../../Plugins/FX/Niagara/Content/Modules/Solvers/SolveForcesAndVelocity.uasset" 27
"../../Plugins/FX/Niagara/Content/Functions/Localspace/ENiagaraCoordinateSpace.uasset" 28
"../../Plugins/FX/Niagara/Content/Functions/Localspace/NF_TransformBase.uasset" 29
"../../Plugins/FX/Niagara/Content/Functions/Localspace/NF_TransformVector.uasset" 30
"../../Plugins/FX/Niagara/Content/Modules/Spawn/Location/StaticMeshLocation.uasset" 31
"../../Plugins/FX/Niagara/Content/Modules/Spawn/MeshInterface/SampleStaticMesh.uasset" 32
"../../Plugins/FX/Niagara/Content/Functions/Rotation/EulerToQuaternion.uasset" 33
"../../Plugins/FX/Niagara/Content/Functions/Rotation/FindQuatBetween.uasset" 34
"../../Plugins/FX/Niagara/Content/Modules/Spawn/Orientation/InitialMeshRotation.uasset" 35
"../../Plugins/FX/Niagara/Content/Modules/Update/Color/Color.uasset" 36
"../../Plugins/FX/Niagara/Content/Functions/FindAngleBetweenVectors.uasset" 37
"../../Plugins/FX/Niagara/Content/Functions/Masks/ConeMask.uasset" 38
"../../Plugins/FX/Niagara/Content/Modules/Update/Forces/CurlNoiseForce.uasset" 39
"../../Plugins/FX/Niagara/Content/Modules/Update/Lifetime/UpdateAge.uasset" 40
"C:/Users/owend/Documents/GitHub/Mazed/Content/Assets/New_Assets/Key.uasset" 41
"C:/Users/owend/Documents/GitHub/Mazed/Content/Particles/Niagara/KeyExplodingEmitter.uasset" 42
"../../Plugins/FX/Niagara/Content/Functions/System/SystemChangeState.uasset" 43
"../../Plugins/FX/Niagara/Content/Modules/System/SystemLifeCycle.uasset" 44
"C:/Users/owend/Documents/GitHub/Mazed/Content/Particles/Niagara/KeyExplodingSystem.uasset" 45
"C:/Users/owend/Documents/GitHub/Mazed/Content/Assets/LevelBuilder/Key.uasset" 46
"../../../Engine/Content/EditorMaterials/WidgetGridVertexColorMaterial.uasset" 47
"../../../Engine/Content/EditorMaterials/WidgetGridVertexColorMaterial_Ma.uasset" 48
"../../../Engine/Content/EditorMaterials/WidgetMaterial.uasset" 49
"../../../Engine/Content/EditorMaterials/WidgetMaterial_Current.uasset" 50
"../../../Engine/Content/EditorMaterials/WidgetMaterial_X.uasset" 51
"../../../Engine/Content/EditorMaterials/WidgetMaterial_Y.uasset" 52
"../../../Engine/Content/EditorMaterials/WidgetMaterial_Z.uasset" 53
"../../../Engine/Content/EditorMaterials/WidgetVertexColorMaterial.uasset" 54
"../../../Engine/Content/EditorMaterials/AssetViewer/EpicQuadPanorama_CC+EV1.uasset" 55
"../../../Engine/Content/MapTemplates/Sky/SunsetAmbientCubemap.uasset" 56
"../../../Engine/Content/EditorMaterials/AssetViewer/M_SkyBox.uasset" 57
"../../../Engine/Content/EditorMaterials/MatineeGroups/MAT_ColorTrack.uasset" 58
"../../../Engine/Content/EditorMaterials/MatineeGroups/MAT_Groups_Anim.uasset" 59
"../../../Engine/Content/EditorMaterials/MatineeGroups/MAT_Groups_AudioMaster.uasset" 60
"../../../Engine/Content/EditorMaterials/MatineeGroups/MAT_Groups_Director.uasset" 61
"../../../Engine/Content/EditorMaterials/MatineeGroups/MAT_Groups_Event.uasset" 62
"../../../Engine/Content/EditorMaterials/MatineeGroups/MAT_Groups_Fade.uasset" 63
"../../../Engine/Content/EditorMaterials/MatineeGroups/MAT_Groups_Float.uasset" 64
"../../../Engine/Content/EditorMaterials/MatineeGroups/MAT_Groups_Move.uasset" 65
"../../../Engine/Content/EditorMaterials/MatineeGroups/MAT_Groups_Slomo.uasset" 66
"../../../Engine/Content/EditorMaterials/MatineeGroups/MAT_Groups_Sound.uasset" 67
"../../../Engine/Content/EditorMaterials/MatineeGroups/MAT_Groups_Vector.uasset" 68
"../../../Engine/Content/EditorMaterials/ParticleSystems/PSysThumbnail_NoImage.uasset" 69
"../../../Engine/Content/EditorMaterials/ParticleSystems/PSysThumbnail_OOD.uasset" 70
"../../../Engine/Content/EngineMaterials/Grid.uasset" 71
"../../../Engine/Content/EditorMaterials/Thumbnails/FloorPlaneMaterial.uasset" 72
"../../../Engine/Content/EditorMeshes/EditorCube.uasset" 73
"../../../Engine/Content/EditorMeshes/EditorCylinder.uasset" 74
"../../../Engine/Content/EditorMeshes/EditorPlane.uasset" 75
"../../../Engine/Content/EditorMaterials/Thumbnails/SkySphereMaterial.uasset" 76
"../../../Engine/Content/EditorMeshes/EditorSkySphere.uasset" 77
"../../../Engine/Content/EditorMeshes/EditorSphere.uasset" 78
"../../../Engine/Content/EditorResources/MatineeCam_D.uasset" 79
"../../../Engine/Content/EditorMaterials/MatineeCam_mat.uasset" 80
"../../../Engine/Content/EditorMeshes/MatineeCam_SM.uasset" 81
"../../../Engine/Content/Functions/Engine_MaterialFunctions01/Shading/ConvertFromDiffSpec.uasset" 82
"../../../Engine/Content/EditorMaterials/GridMaterial.uasset" 83
"../../../Engine/Content/EditorMeshes/PhAT_FloorBox.uasset" 84
"../../../Engine/Content/EditorMeshes/AssetViewer/Floor_Mesh.uasset" 85
"../../../Engine/Content/EditorMeshes/AssetViewer/Sphere_inversenormals.uasset" 86
"../../../Engine/Content/EditorMaterials/Camera/CineMat.uasset" 87
"../../../Engine/Content/EditorMaterials/Camera/MI_CineMat_CameraBody.uasset" 88
"../../../Engine/Content/EngineDebugMaterials/M_SimpleOpaque.uasset" 89
"../../../Engine/Content/EditorMaterials/Camera/MI_CineMat_CamViewFinder.uasset" 90
"../../../Engine/Content/EditorMeshes/Camera/SM_CineCam.uasset" 91
"../../../Engine/Content/EditorMaterials/Camera/MI_CineMat_Rig.uasset" 92
"../../../Engine/Content/EditorMeshes/Camera/SM_CraneRig_Arm.uasset" 93
"../../../Engine/Content/EditorMeshes/Camera/SM_CraneRig_Base.uasset" 94
"../../../Engine/Content/EditorMeshes/Camera/SM_CraneRig_Body.uasset" 95
"../../../Engine/Content/EditorMeshes/Camera/SM_CraneRig_Mount.uasset" 96
"../../../Engine/Content/EditorMeshes/Camera/SM_RailRig_Mount.uasset" 97
"../../../Engine/Content/EditorMeshes/Camera/SM_RailRig_Track.uasset" 98
"../../../Engine/Content/EditorResources/Bad.uasset" 99
"../../../Engine/Content/EditorResources/BSPVertex.uasset" 100
"../../../Engine/Content/EditorResources/EmptyActor.uasset" 101
"../../../Engine/Content/EditorResources/MatInstActSprite.uasset" 102
"../../../Engine/Content/EditorResources/SceneManager.uasset" 103
"../../../Engine/Content/EditorResources/SimplygonLogo.uasset" 104
"../../../Engine/Content/EditorResources/SmallFont.uasset" 105
"../../../Engine/Content/EditorResources/S_Actor.uasset" 106
"../../../Engine/Content/EditorResources/S_DecalActorIcon.uasset" 107
"../../../Engine/Content/EditorResources/S_Emitter.uasset" 108
"../../../Engine/Content/EditorResources/S_ExpoHeightFog.uasset" 109
"../../../Engine/Content/EditorResources/S_FTest.uasset" 110
"../../../Engine/Content/EditorResources/S_KBSJoint.uasset" 111
"../../../Engine/Content/EditorResources/S_KHinge.uasset" 112
"../../../Engine/Content/EditorResources/S_KPrismatic.uasset" 113
"../../../Engine/Content/EditorResources/S_LevelSequence.uasset" 114
"../../../Engine/Content/EditorResources/S_NavP.uasset" 115
"../../../Engine/Content/EditorResources/S_Note.uasset" 116
"../../../Engine/Content/EditorResources/S_Player.uasset" 117
"../../../Engine/Content/EditorResources/S_PortalActorIcon2.uasset" 118
"../../../Engine/Content/EditorResources/S_RadForce.uasset" 119
"../../../Engine/Content/EditorResources/S_ReflActorIcon.uasset" 120
"../../../Engine/Content/EditorResources/S_Terrain.uasset" 121
"../../../Engine/Content/EditorResources/S_TextRenderActorIcon.uasset" 122
"../../../Engine/Content/EditorResources/S_Thruster.uasset" 123
"../../../Engine/Content/EditorResources/S_Trigger.uasset" 124
"../../../Engine/Content/EditorResources/S_VectorFieldVol.uasset" 125
"../../../Engine/Content/EditorResources/S_WindDirectional.uasset" 126
"../../../Engine/Content/EditorResources/AI/S_NavLink.uasset" 127
"../../../Engine/Content/EditorResources/AudioIcons/S_AudioComponent_AutoActivate.uasset" 128
"../../../Engine/Content/EditorResources/LightIcons/SkyLight.uasset" 129
"../../../Engine/Content/EditorResources/LightIcons/S_LightDirectional.uasset" 130
"../../../Engine/Content/EditorResources/LightIcons/S_LightDirectionalMove.uasset" 131
"../../../Engine/Content/EditorResources/LightIcons/S_LightError.uasset" 132
"../../../Engine/Content/EditorResources/LightIcons/S_LightPoint.uasset" 133
"../../../Engine/Content/EditorResources/LightIcons/S_LightPointMove.uasset" 134
"../../../Engine/Content/EditorResources/LightIcons/S_LightSpot.uasset" 135
"../../../Engine/Content/EditorResources/LightIcons/S_LightSpotMove.uasset" 136
"../../../Engine/Content/EditorResources/SequenceRecorder/Countdown.uasset" 137
"../../../Engine/Content/EditorResources/SequenceRecorder/RecordingIndicator.uasset" 138
"../../../Engine/Content/EditorResources/Spline/T_Loft_Spline.uasset" 139
"../../../Engine/Content/EditorSounds/GamePreview/PossessPlayer.uasset" 140
"../../../Engine/Content/EditorSounds/GamePreview/PossessPlayer_Cue.uasset" 141
"../../../Engine/Content/EditorSounds/Notifications/CompileFailed.uasset" 142
"../../../Engine/Content/EditorSounds/Notifications/CompileFailed_Cue.uasset" 143
"../../../Engine/Content/EditorSounds/Notifications/CompileSuccess.uasset" 144
"../../../Engine/Content/EditorSounds/Notifications/CompileStart_Cue.uasset" 145
"../../../Engine/Content/EditorSounds/Notifications/CompileSuccess_Cue.uasset" 146
"../../../Engine/Content/EngineDamageTypes/DmgTypeBP_Environmental.uasset" 147
"../../../Engine/Content/EngineDebugMaterials/HeatmapGradient.uasset" 148
"../../../Engine/Content/EngineDebugMaterials/BoneWeightMaterial.uasset" 149
"../../../Engine/Content/EngineDebugMaterials/ClothMaterial.uasset" 150
"../../../Engine/Content/EngineDebugMaterials/ClothMaterial_WF.uasset" 151
"../../../Engine/Content/EngineDebugMaterials/DebugEditorMaterial.uasset" 152
"../../../Engine/Content/EngineDebugMaterials/DebugMeshMaterial.uasset" 153
"../../../Engine/Content/EngineDebugMaterials/GeomMaterial.uasset" 154
"../../../Engine/Content/EngineDebugMaterials/LevelColorationLitMaterial.uasset" 155
"../../../Engine/Content/EngineDebugMaterials/LevelColorationUnlitMaterial.uasset" 156
"../../../Engine/Content/EngineMaterials/DefaultWhiteGrid.uasset" 157
"../../../Engine/Content/EngineDebugMaterials/MAT_LevelColorationLitLightmapUV.uasset" 158
"../../../Engine/Content/EngineDebugMaterials/M_SimpleTranslucent.uasset" 159
"../../../Engine/Content/EngineDebugMaterials/ShadedLevelColorationLitMaterial.uasset" 160
"../../../Engine/Content/EngineDebugMaterials/ShadedLevelColorationUnlitMateri.uasset" 161
"../../../Engine/Content/EngineDebugMaterials/VertexColorMaterial.uasset" 162
"../../../Engine/Content/EngineDebugMaterials/VertexColorViewMode_AlphaAsColor.uasset" 163
"../../../Engine/Content/EngineDebugMaterials/VertexColorViewMode_BlueOnly.uasset" 164
"../../../Engine/Content/EngineDebugMaterials/VertexColorViewMode_ColorOnly.uasset" 165
"../../../Engine/Content/EngineDebugMaterials/VertexColorViewMode_GreenOnly.uasset" 166
"../../../Engine/Content/EngineDebugMaterials/VertexColorViewMode_RedOnly.uasset" 167
"../../../Engine/Content/EngineDebugMaterials/WireframeMaterial.uasset" 168
"../../../Engine/Content/EngineFonts/Faces/RobotoBold.uasset" 169
"../../../Engine/Content/EngineFonts/Faces/RobotoBoldItalic.uasset" 170
"../../../Engine/Content/EngineFonts/Faces/RobotoItalic.uasset" 171
"../../../Engine/Content/EngineFonts/Faces/RobotoLight.uasset" 172
"../../../Engine/Content/EngineFonts/Faces/RobotoRegular.uasset" 173
"../../../Engine/Content/EngineFonts/Roboto.uasset" 174
"../../../Engine/Content/EngineFonts/Faces/RobotoTiny.uasset" 175
"../../../Engine/Content/EngineFonts/RobotoTiny.uasset" 176
"../../../Engine/Content/EngineFonts/SmallFont.uasset" 177
"../../../Engine/Content/EngineFonts/TinyFont.uasset" 178
"../../../Engine/Content/EngineMaterials/BaseFlattenDiffuseMap.uasset" 179
"../../../Engine/Content/EngineMaterials/BaseFlattenEmissiveMap.uasset" 180
"../../../Engine/Content/EngineMaterials/BaseFlattenGrayscaleMap.uasset" 181
"../../../Engine/Content/EngineMaterials/BaseFlattenNormalMap.uasset" 182
"../../../Engine/Content/EngineMaterials/BaseFlattenMaterial.uasset" 183
"../../../Engine/Content/EngineResources/WhiteSquareTexture.uasset" 184
"../../../Engine/Content/EngineMaterials/BlinkingCaret.uasset" 185
"../../../Engine/Content/EngineMaterials/DefaultBloomKernel.uasset" 186
"../../../Engine/Content/EngineMaterials/DefaultBokeh.uasset" 187
"../../../Engine/Content/EngineMaterials/DefaultDiffuse.uasset" 188
"../../../Engine/Content/EngineMaterials/DefaultDeferredDecalMaterial.uasset" 189
"../../../Engine/Content/EngineMaterials/DefaultLightFunctionMaterial.uasset" 190
"../../../Engine/Content/EngineMaterials/DefaultNormal.uasset" 191
"../../../Engine/Content/Functions/Engine_MaterialFunctions02/Utility/BreakOutFloat2Components.uasset" 192
"../../../Engine/Content/EngineMaterials/DefaultPostProcessMaterial.uasset" 193
"../../../Engine/Content/EngineFonts/RobotoDistanceField.uasset" 194
"../../../Engine/Content/EngineMaterials/DefaultTextMaterialOpaque.uasset" 195
"../../../Engine/Content/EngineMaterials/EditorBrushMaterial.uasset" 196
"../../../Engine/Content/EngineMaterials/Good64x64TilingNoiseHighFreq.uasset" 197
"../../../Engine/Content/EngineMaterials/Grid_N.uasset" 198
"../../../Engine/Content/EngineMaterials/HighResolutionScreenshotMaskFunction.uasset" 199
"../../../Engine/Content/EngineMaterials/HighResScreenshot.uasset" 200
"../../../Engine/Content/EngineMaterials/HighResScreenshotCaptureRegion.uasset" 201
"../../../Engine/Content/EngineMaterials/HighResScreenshotMask.uasset" 202
"../../../Engine/Content/EngineMaterials/LandscapeHolePhysicalMaterial.uasset" 203
"../../../Engine/Content/EngineMaterials/InvalidLightmapSettings.uasset" 204
"../../../Engine/Content/EngineMaterials/M_InvalidLightmapSettings.uasset" 205
"../../../Engine/Content/EngineMaterials/PaperDiffuse.uasset" 206
"../../../Engine/Content/EngineMaterials/PaperNormal.uasset" 207
"../../../Engine/Content/Functions/Engine_MaterialFunctions02/WorldPositionOffset/CameraOffset.uasset" 208
"../../../Engine/Content/EngineMaterials/PhAT_JointLimitMaterial.uasset" 209
"../../../Engine/Content/EngineMaterials/PhysMat_Rubber.uasset" 210
"../../../Engine/Content/EngineMaterials/PreintegratedSkinBRDF.uasset" 211
"../../../Engine/Content/EngineMaterials/RemoveSurfaceMaterial.uasset" 212
"../../../Engine/Content/EngineMaterials/WeightMapPlaceholderTexture.uasset" 213
"../../../Engine/Content/EngineMaterials/Widget3DPassThrough.uasset" 214
"../../../Engine/Content/EngineMaterials/Widget3DPassThrough_Masked.uasset" 215
"../../../Engine/Content/EngineMaterials/Widget3DPassThrough_Opaque.uasset" 216
"../../../Engine/Content/EngineMaterials/Widget3DPassThrough_Masked_OneSided.uasset" 217
"../../../Engine/Content/EngineMaterials/Widget3DPassThrough_Opaque_OneSided.uasset" 218
"../../../Engine/Content/EngineMaterials/Widget3DPassThrough_Translucent.uasset" 219
"../../../Engine/Content/EngineMaterials/Widget3DPassThrough_Translucent_OneSided.uasset" 220
"../../../Engine/Content/Functions/Engine_MaterialFunctions01/Opacity/CameraDepthFade.uasset" 221
"../../../Engine/Content/EngineMaterials/T_Default_Material_Grid_M.uasset" 222
"../../../Engine/Content/EngineMaterials/T_Default_Material_Grid_N.uasset" 223
"../../../Engine/Content/EngineMaterials/DefaultMaterial.uasset" 224
"../../../Engine/Content/EngineMeshes/Cube.uasset" 225
"../../../Engine/Content/EngineMeshes/Cylinder.uasset" 226
"../../../Engine/Content/EngineMeshes/Sphere.uasset" 227
"../../../Engine/Content/EngineResources/Black.uasset" 228
"../../../Engine/Content/EngineResources/DefaultTexture.uasset" 229
"../../../Engine/Content/EngineResources/DefaultTextureCube.uasset" 230
"../../../Engine/Content/EngineResources/DefaultVolumeTexture2D.uasset" 231
"../../../Engine/Content/EngineResources/DefaultVolumeTexture.uasset" 232
"../../../Engine/Content/EngineResources/GradientTexture0.uasset" 233
"../../../Engine/Content/EngineResources/StreamingPauseIcon.uasset" 234
"../../../Engine/Content/EngineResources/M_StreamingPause.uasset" 235
"../../../Engine/Content/EngineSounds/Master.uasset" 236
"../../../Engine/Content/Functions/Engine_MaterialFunctions01/Shading/PowerToRoughness.uasset" 237
"../../../Engine/Content/Maps/Templates/Thumbnails/Default.uasset" 238
"../../../Engine/Content/Maps/Templates/Thumbnails/VR-Basic.uasset" 239
"../../../Engine/Content/MapTemplates/Sky/DaylightAmbientCubemap.uasset" 240
"../../../Engine/Content/MobileResources/T_MobileControls_texture.uasset" 241
"../../../Engine/Content/MobileResources/T_MobileMenu2.uasset" 242
"../../../Engine/Content/MobileResources/HUD/AnalogHat.uasset" 243
"../../../Engine/Content/MobileResources/HUD/VirtualJoystick_Background.uasset" 244
"../../../Engine/Content/MobileResources/HUD/VirtualJoystick_Thumb.uasset" 245
"../../../Engine/Content/MobileResources/HUD/DefaultVirtualJoysticks.uasset" 246
"../../../Engine/Content/MobileResources/HUD/LeftVirtualJoystickOnly.uasset" 247
"../../../Engine/Content/MobileResources/HUD/MobileHUDButton1_off.uasset" 248
"../../../Engine/Content/MobileResources/HUD/MobileHUDButton1_on.uasset" 249
"../../../Engine/Content/MobileResources/HUD/MobileHUDButton2_off.uasset" 250
"../../../Engine/Content/MobileResources/HUD/MobileHUDButton2_on.uasset" 251
"../../../Engine/Content/MobileResources/HUD/MobileHUDButton3.uasset" 252
"../../../Engine/Content/MobileResources/HUD/MobileHUDButtonFire.uasset" 253
"../../../Engine/Content/MobileResources/HUD/MobileHUDDirectionPad.uasset" 254
"../../../Engine/Content/MobileResources/HUD/MobileHUDDirectionPad2.uasset" 255
"../../../Engine/Content/MobileResources/HUD/MobileHUDDirectionPad3.uasset" 256
"../../../Engine/Content/MobileResources/HUD/MobileHUDDirectionStick.uasset" 257
"../../../Engine/Content/MobileResources/HUD/T_Castle_ThumbstickInner.uasset" 258
"../../../Engine/Content/MobileResources/HUD/T_Castle_ThumbstickOutter.uasset" 259
"../../../Engine/Content/Tutorial/ContentIntroCurve.uasset" 260
"../../../Engine/Content/Tutorial/Basics/TutorialAssets/icon_tab_Levels_40x.uasset" 261
"../../../Engine/Content/Tutorial/BlueprintTutorials/TutorialAssets/Blueprint_64x.uasset" 262
"../../../Engine/Content/Tutorial/Mobile/TutorialAssets/android_Icon.uasset" 263
"../../../Engine/Content/Tutorial/SubEditors/TutorialAssets/TutorialMaterial.uasset" 264
"../../../Engine/Content/VREditor/LaserPointer/VR_LaserPower_01.uasset" 265
"../../../Engine/Content/VREditor/TransformGizmo/TransformGizmoMaterial.uasset" 266
"../../../Engine/Content/VREditor/TransformGizmo/TranslucentTransformGizmoMaterial.uasset" 267
"../../../Engine/Content/VREditor/TransformGizmo/BoundingBoxCorner.uasset" 268
"../../../Engine/Content/VREditor/TransformGizmo/BoundingBoxEdge.uasset" 269
"../../../Engine/Content/VREditor/TransformGizmo/PlaneTranslationHandle.uasset" 270
"../../../Engine/Content/VREditor/TransformGizmo/Main.uasset" 271
"../../../Engine/Content/VREditor/TransformGizmo/Xray.uasset" 272
"../../../Engine/Content/VREditor/TransformGizmo/SM_Sequencer_Key.uasset" 273
"../../../Engine/Content/VREditor/TransformGizmo/SM_Sequencer_Node.uasset" 274
"../../../Engine/Content/ArtTools/RenderToTexture/Enums/RenderToTexture_Enum.uasset" 275
"../../../Engine/Content/ArtTools/RenderToTexture/Enums/RenderToTexture_Flipbook_Enum.uasset" 276
"../../../Engine/Content/ArtTools/RenderToTexture/Enums/RenderToTexture_Imposter_Enum.uasset" 277
"../../../Engine/Content/ArtTools/RenderToTexture/Enums/EIntTypes.uasset" 278
"../../../Engine/Content/ArtTools/RenderToTexture/Macros/RenderToTextureFunctionLibrary.uasset" 279
"../../../Engine/Content/ArtTools/RenderToTexture/Enums/EFloatTypes.uasset" 280
"../../../Engine/Content/ArtTools/RenderToTexture/Macros/RenderToTextureMacros.uasset" 281
"../../../Engine/Content/EngineMaterials/WorldGridMaterial.uasset" 282
"../../../Engine/Content/ArtTools/RenderToTexture/Meshes/S_1_Unit_Plane.uasset" 283
"../../../Engine/Content/BasicShapes/Cone.uasset" 284
"../../../Engine/Content/BasicShapes/Cylinder.uasset" 285
"../../../Engine/Content/EngineMaterials/DefaultPhysicalMaterial.uasset" 286
"../../../Engine/Content/BufferVisualization/AmbientOcclusion.uasset" 287
"../../../Engine/Content/BufferVisualization/BaseColor.uasset" 288
"../../../Engine/Content/BufferVisualization/CustomDepth.uasset" 289
"../../../Engine/Content/Functions/Engine_MaterialFunctions02/Utility/VectorLength.uasset" 290
"../../../Engine/Content/BufferVisualization/CustomDepthWorldUnits.uasset" 291
"../../../Engine/Content/Functions/Engine_MaterialFunctions01/Texturing/ScaleUVsByCenter.uasset" 292
"../../../Engine/Content/Functions/Engine_MaterialFunctions02/ScreenResolution.uasset" 293
"../../../Engine/Content/Functions/Engine_MaterialFunctions02/Texturing/ScreenAlignedUVs.uasset" 294
"../../../Engine/Content/Functions/Engine_MaterialFunctions02/Utility/MakeFloat2.uasset" 295
"../../../Engine/Content/Functions/Engine_MaterialFunctions02/Utility/MakeFloat3.uasset" 296
"../../../Engine/Content/EngineMaterials/MiniFont.uasset" 297
"../../../Engine/Content/BufferVisualization/CustomStencil.uasset" 298
"../../../Engine/Content/BufferVisualization/FinalImage.uasset" 299
"../../../Engine/Content/BufferVisualization/LightingModel.uasset" 300
"../../../Engine/Content/BufferVisualization/MaterialAO.uasset" 301
"../../../Engine/Content/BufferVisualization/Metallic.uasset" 302
"../../../Engine/Content/BufferVisualization/Opacity.uasset" 303
"../../../Engine/Content/BufferVisualization/PostTonemapHDRColor.uasset" 304
"../../../Engine/Content/BufferVisualization/PreTonemapHDRColor.uasset" 305
"../../../Engine/Content/BufferVisualization/Roughness.uasset" 306
"../../../Engine/Content/BufferVisualization/SceneColor.uasset" 307
"../../../Engine/Content/BufferVisualization/SceneDepth.uasset" 308
"../../../Engine/Content/BufferVisualization/SceneDepthWorldUnits.uasset" 309
"../../../Engine/Content/BufferVisualization/SeparateTranslucencyA.uasset" 310
"../../../Engine/Content/BufferVisualization/SeparateTranslucencyRGB.uasset" 311
"../../../Engine/Content/BufferVisualization/Specular.uasset" 312
"../../../Engine/Content/BufferVisualization/SubsurfaceColor.uasset" 313
"../../../Engine/Content/BufferVisualization/WorldNormal.uasset" 314
"../../../Engine/Content/EditorLandscapeResources/DataLayer.uasset" 315
"../../../Engine/Content/EditorLandscapeResources/DefaultAlphaTexture.uasset" 316
"../../../Engine/Content/EditorLandscapeResources/LandscapeGizmoHeight_Mat.uasset" 317
"../../../Engine/Content/EditorLandscapeResources/LandscapeGizmo_Mat.uasset" 318
"../../../Engine/Content/EditorLandscapeResources/LandscapeGizmo_Mat_Copied.uasset" 319
"../../../Engine/Content/EditorLandscapeResources/SplineEditorMeshMat.uasset" 320
"../../../Engine/Content/EditorLandscapeResources/SplineEditorMesh.uasset" 321
"../../../Engine/Content/EditorMaterials/Cross.uasset" 322
"../../../Engine/Content/EditorMaterials/Cross_Mat.uasset" 323
"../../../Engine/Content/EditorMaterials/GizmoMaterial.uasset" 324
"../../../Engine/Content/Functions/Engine_MaterialFunctions02/Utility/Sign.uasset" 325
"../../../Engine/Content/Functions/Engine_MaterialFunctions02/Utility/Round.uasset" 326
"../../../Engine/Content/Functions/Engine_MaterialFunctions02/ExampleContent/Textures/flipbook.uasset" 327
"../../../Engine/Content/Functions/Engine_MaterialFunctions02/Texturing/FlipBook.uasset" 328
"../../../Engine/Content/EditorResources/T_EditorHelp.uasset" 329
"../../../Engine/Content/EditorMaterials/HelpActorMaterial.uasset" 330
"../../../Engine/Content/EditorMaterials/CompositeARGBLayer.uasset" 331
"../../../Engine/Content/EditorMaterials/TilingAALineIntegral.uasset" 332
"../../../Engine/Content/EditorMaterials/TilingAALineBoxFiltered.uasset" 333
"../../../Engine/Content/Functions/Engine_MaterialFunctions03/Procedurals/ComputeFilterWidth.uasset" 334
"../../../Engine/Content/EditorMaterials/TilingAADots.uasset" 335
"../../../Engine/Content/EngineMaterials/BlendFunc_DefBase.uasset" 336
"../../../Engine/Content/EngineMaterials/BlendFunc_DefBlend.uasset" 337
"../../../Engine/Content/Functions/Engine_MaterialFunctions03/Blends/Blend_Screen.uasset" 338
"../../../Engine/Content/EditorMaterials/TilingAAGrid.uasset" 339
"../../../Engine/Content/EditorMaterials/LevelGridMaterial.uasset" 340
"../../../Engine/Content/EditorMaterials/MakeCompositeARGBLayer.uasset" 341
"../../../Engine/Content/EditorResources/LevelGrid1DStripes.uasset" 342
"../../../Engine/Content/EditorMaterials/TextureGridCascaded1D.uasset" 343
"../../../Engine/Content/EditorMaterials/TextureGridCascaded2D.uasset" 344
"../../../Engine/Content/EditorMaterials/LevelGridMaterial2.uasset" 345
"../../../Engine/Content/EditorMaterials/MAT_Groups_Toggle.uasset" 346
"../../../Engine/Content/EditorMaterials/MAT_Groups_Visibility.uasset" 347
"../../../Engine/Content/EditorMaterials/AntialiasedGridFloor.uasset" 348
"../../../Engine/Content/EditorResources/TilePatine_D.uasset" 349
"../../../Engine/Content/EditorResources/TilePatine_N.uasset" 350
"../../../Engine/Content/EditorMaterials/PersonaFloorMat.uasset" 351
"../../../Engine/Content/EditorMaterials/PhAT_BoneSelectedMaterial.uasset" 352
"../../../Engine/Content/EditorMaterials/PhAT_ElemSelectedMaterial.uasset" 353
"../../../Engine/Content/EditorMaterials/PhAT_NoCollisionMaterial.uasset" 354
"../../../Engine/Content/EditorMaterials/PhAT_UnselectedMaterial.uasset" 355
"../../../Engine/Content/EditorMaterials/PreviewShadowIndicator.uasset" 356
"../../../Engine/Content/EditorMaterials/PreviewShadowIndicatorMaterial.uasset" 357
"../../../Engine/Content/EditorMaterials/TargetIcon.uasset" 358
"../../../Engine/Content/EditorMaterials/Tick.uasset" 359
"../../../Engine/Content/EditorMaterials/Tick_Mat.uasset" 360
"C:/Users/owend/Documents/GitHub/Mazed/Content/FirstPersonBP/Blueprints/FirstPersonGameMode.uasset" 361
"C:/Users/owend/Documents/GitHub/Mazed/Content/UI/Completed.uasset" 362
"../../Plugins/2D/Paper2D/Content/PlaceholderTextures/DummySpriteTexture.uasset" 363
"../../Plugins/2D/Paper2D/Content/DummySprite.uasset" 364
"../../Plugins/2D/Paper2D/Content/DefaultPaperTerrainMaterial.uasset" 365
"../../Plugins/2D/Paper2D/Content/DefaultSpriteMaterial.uasset" 366
"../../Plugins/2D/Paper2D/Content/MaskedUnlitSpriteMaterial.uasset" 367
"../../Plugins/2D/Paper2D/Content/OpaqueUnlitSpriteMaterial.uasset" 368
"../../Plugins/Enterprise/DatasmithContent/Content/Blueprints/FBXImporter/ArrayOfActor.uasset" 369
"../../Plugins/Enterprise/DatasmithContent/Content/Blueprints/FBXImporter/ArrayOfSwitch.uasset" 370
"../../Plugins/Enterprise/DatasmithContent/Content/Blueprints/FBXImporter/BP_SceneNode.uasset" 371
"../../Plugins/Enterprise/DatasmithContent/Content/Blueprints/FBXImporter/BP_Switch.uasset" 372
"../../Plugins/Enterprise/DatasmithContent/Content/Blueprints/FBXImporter/BP_SceneRoot.uasset" 373
"../../Plugins/Enterprise/DatasmithContent/Content/Blueprints/FBXImporter/FBXImporterUtils.uasset" 374
"../../Plugins/Enterprise/DatasmithContent/Content/Blueprints/FBXImporter/Animation/DeltaGenAnimationTrackType.uasset" 375
"../../Plugins/Enterprise/DatasmithContent/Content/Blueprints/FBXImporter/Animation/VREDAnimationTrackComponent.uasset" 376
"../../Plugins/Enterprise/DatasmithContent/Content/Blueprints/FBXImporter/Animation/VREDAnimationTrackType.uasset" 377
"../../Plugins/Enterprise/DatasmithContent/Content/Blueprints/FBXImporter/Variants/VariantSwitchType.uasset" 378
"../../Plugins/Enterprise/DatasmithContent/Content/Blueprints/FBXImporter/Variants/VREDVariantSwitchType.uasset" 379
"../../Plugins/FX/Niagara/Content/DynamicInputs/Bool/ENiagaraBooleanLogicOps.uasset" 380
"../../Plugins/FX/Niagara/Content/Functions/Localspace/ENiagaraOrientationAxis.uasset" 381
"../../Plugins/FX/Niagara/Content/Icons/S_ParticleSystem.uasset" 382
"../../Plugins/Runtime/Oculus/OculusVR/Content/Materials/PokeAHoleMaterial.uasset" 383
"../../Plugins/Runtime/Oculus/OculusVR/Content/Textures/GearVRController_AO.uasset" 384
"../../Plugins/Runtime/Oculus/OculusVR/Content/Textures/GearVRController_Color.uasset" 385
"../../Plugins/Runtime/Oculus/OculusVR/Content/Textures/GearVRController_Normal.uasset" 386
"../../Plugins/Runtime/Oculus/OculusVR/Content/Materials/GearVRControllerMaterial.uasset" 387
"../../Plugins/Runtime/Oculus/OculusVR/Content/Meshes/GearVrController.uasset" 388
"../../Plugins/Runtime/Oculus/OculusVR/Content/Textures/touchController_albedo.uasset" 389
"../../Plugins/Runtime/Oculus/OculusVR/Content/Textures/touchController_controlmap.uasset" 390
"../../Plugins/Runtime/Oculus/OculusVR/Content/Materials/touchController_mat.uasset" 391
"../../Plugins/Runtime/Oculus/OculusVR/Content/Meshes/LeftTouchController.uasset" 392
"../../Plugins/Runtime/Oculus/OculusVR/Content/Meshes/RiftHMD.uasset" 393
"../../Plugins/Runtime/Oculus/OculusVR/Content/Meshes/RightTouchController.uasset" 394
"../../../Engine/Content/Maps/Entry_BuiltData.uasset" 395
"../../../Engine/Content/Maps/Entry.umap" 396
"C:/Users/owend/Documents/GitHub/Mazed/Content/Gravity/Blueprints/GravityLogic/BP_GravityVolumeBase.uasset" 397
"C:/Users/owend/Documents/GitHub/Mazed/Content/Assets/LevelBuilder/GravityBox.uasset" 398
"C:/Users/owend/Documents/GitHub/Mazed/Content/Assets/ShinyGoalMat.uasset" 399
"../../../Engine/Content/BasicShapes/Sphere.uasset" 400
"C:/Users/owend/Documents/GitHub/Mazed/Content/Assets/AssetSounds/Hum.uasset" 401
"C:/Users/owend/Documents/GitHub/Mazed/Content/Assets/Lock_Lock_1.uasset" 402
"C:/Users/owend/Documents/GitHub/Mazed/Content/Assets/Lock_Lock_Podium.uasset" 403
"C:/Users/owend/Documents/GitHub/Mazed/Content/Assets/Goal.uasset" 404
"C:/Users/owend/Documents/GitHub/Mazed/Content/FirstPerson/Character/Mesh/SK_Mannequin_Arms_Skeleton.uasset" 405
"C:/Users/owend/Documents/GitHub/Mazed/Content/FirstPerson/Animations/FirstPerson_Fire.uasset" 406
"C:/Users/owend/Documents/GitHub/Mazed/Content/FirstPerson/Animations/FirstPersonFire_Montage.uasset" 407
"C:/Users/owend/Documents/GitHub/Mazed/Content/Assets/New_Assets/setting_Wheels_Handle__1_.uasset" 408
"C:/Users/owend/Documents/GitHub/Mazed/Content/Assets/New_Assets/setting_Wheels_Inner__1_.uasset" 409
"C:/Users/owend/Documents/GitHub/Mazed/Content/Assets/Handle.uasset" 410
"C:/Users/owend/Documents/GitHub/Mazed/Content/FirstPerson/Meshes/BaseMaterial.uasset" 411
"C:/Users/owend/Documents/GitHub/Mazed/Content/FirstPerson/Meshes/FirstPersonProjectileMaterial.uasset" 412
"C:/Users/owend/Documents/GitHub/Mazed/Content/FirstPerson/Meshes/FirstPersonProjectileMesh.uasset" 413
"C:/Users/owend/Documents/GitHub/Mazed/Content/FirstPersonBP/Blueprints/FirstPersonProjectile.uasset" 414
"../../../Engine/Content/BasicShapes/BasicShapeMaterial.uasset" 415
"../../../Engine/Content/BasicShapes/Plane.uasset" 416
"C:/Users/owend/Documents/GitHub/Mazed/Content/FirstPerson/Audio/FirstPersonTemplateWeaponFire02.uasset" 417
"C:/Users/owend/Documents/GitHub/Mazed/Content/FirstPersonBP/Blueprints/FirstPersonCharacter.uasset" 418
"../../../Engine/Content/BasicShapes/Cube.uasset" 419
"C:/Users/owend/Documents/GitHub/Mazed/Content/Particles/Dash.uasset" 420
"C:/Users/owend/Documents/GitHub/Mazed/Content/Assets/LevelBuilder/StartPad.uasset" 421
"C:/Users/owend/Documents/GitHub/Mazed/Content/Assets/LevelBuilder/EndPad.uasset" 422
"C:/Users/owend/Documents/GitHub/Mazed/Content/UI/Failed.uasset" 423
"C:/Users/owend/Documents/GitHub/Mazed/Content/Assets/LevelBuilder/FallActor.uasset" 424
"C:/Users/owend/Documents/GitHub/Mazed/Content/Assets/LevelBuilder/GoalStand.uasset" 425
"C:/Users/owend/Documents/GitHub/Mazed/Content/Assets/LevelBuilder/PPActor.uasset" 426
"C:/Users/owend/Documents/GitHub/Mazed/Content/Assets/LevelBuilder/Text.uasset" 427
"C:/Users/owend/Documents/GitHub/Mazed/Content/Assets/LevelBuilder/Floor/Floor.uasset" 428
"C:/Users/owend/Documents/GitHub/Mazed/Content/Particles/Dust.uasset" 429
"C:/Users/owend/Documents/GitHub/Mazed/Content/Maps/1.umap" 430
"C:/Users/owend/Documents/GitHub/Mazed/Content/Assets/Door/Door_Skeleton.uasset" 431
"C:/Users/owend/Documents/GitHub/Mazed/Content/Assets/Door/Door_Anim.uasset" 432
"C:/Users/owend/Documents/GitHub/Mazed/Content/Assets/Door/Lock2/Door_Lock2_Skeleton.uasset" 433
"C:/Users/owend/Documents/GitHub/Mazed/Content/Assets/Door/Lock2/Door_Lock2_Anim.uasset" 434
"C:/Users/owend/Documents/GitHub/Mazed/Content/Assets/Door/Lock3/Door_Lock3_Skeleton.uasset" 435
"C:/Users/owend/Documents/GitHub/Mazed/Content/Assets/Door/Lock3/Door_Lock3_Anim.uasset" 436
"C:/Users/owend/Documents/GitHub/Mazed/Content/Assets/Door/Door_PhysicsAsset.uasset" 437
"C:/Users/owend/Documents/GitHub/Mazed/Content/Assets/Door/Door.uasset" 438
"C:/Users/owend/Documents/GitHub/Mazed/Content/Assets/Door/Lock2/Door_Lock2_PhysicsAsset.uasset" 439
"C:/Users/owend/Documents/GitHub/Mazed/Content/Assets/Door/Lock2/Door_Lock2.uasset" 440
"C:/Users/owend/Documents/GitHub/Mazed/Content/Assets/Door/Lock3/Door_Lock3_PhysicsAsset.uasset" 441
"C:/Users/owend/Documents/GitHub/Mazed/Content/Assets/Door/Lock3/Door_Lock3.uasset" 442
"C:/Users/owend/Documents/GitHub/Mazed/Content/Assets/LevelBuilder/Gate.uasset" 443
"C:/Users/owend/Documents/GitHub/Mazed/Content/Particles/Niagara/KeyExplodingSystem90.uasset" 444
"C:/Users/owend/Documents/GitHub/Mazed/Content/Assets/Key.uasset" 445
"C:/Users/owend/Documents/GitHub/Mazed/Content/Assets/Key_90.uasset" 446
"C:/Users/owend/Documents/GitHub/Mazed/Content/Assets/LevelBuilder/Key90.uasset" 447
"C:/Users/owend/Documents/GitHub/Mazed/Content/Assets/Bricks/Cluster_Objects_Object001.uasset" 448
"C:/Users/owend/Documents/GitHub/Mazed/Content/Assets/Bricks/Cluster_Objects_Object002.uasset" 449
"C:/Users/owend/Documents/GitHub/Mazed/Content/Assets/Bricks/Cluster_Objects_Object003.uasset" 450
"C:/Users/owend/Documents/GitHub/Mazed/Content/Assets/Bricks/Cluster_Objects_Object004.uasset" 451
"C:/Users/owend/Documents/GitHub/Mazed/Content/Assets/Bricks/Cluster_Objects_Object005.uasset" 452
"C:/Users/owend/Documents/GitHub/Mazed/Content/Assets/Bricks/Cluster_Objects_Object006.uasset" 453
"C:/Users/owend/Documents/GitHub/Mazed/Content/Assets/Bricks/Cluster_Objects_Object007.uasset" 454
"C:/Users/owend/Documents/GitHub/Mazed/Content/Assets/Bricks/Cluster_Objects_Object008.uasset" 455
"C:/Users/owend/Documents/GitHub/Mazed/Content/Assets/Bricks/Cluster_Objects_Object009.uasset" 456
"C:/Users/owend/Documents/GitHub/Mazed/Content/Assets/Bricks/Cluster_Objects_Object010.uasset" 457
"C:/Users/owend/Documents/GitHub/Mazed/Content/Assets/Bricks/Cluster_Objects_Object011.uasset" 458
"C:/Users/owend/Documents/GitHub/Mazed/Content/Assets/Bricks/Cluster_Objects_Object012.uasset" 459
"C:/Users/owend/Documents/GitHub/Mazed/Content/Assets/Bricks/Cluster_Objects_Object013.uasset" 460
"C:/Users/owend/Documents/GitHub/Mazed/Content/Assets/LevelBuilder/MovingBrick.uasset" 461
"C:/Users/owend/Documents/GitHub/Mazed/Content/Assets/FloatingFloor/FloatingPlane_FloatingPlane.uasset" 462
"C:/Users/owend/Documents/GitHub/Mazed/Content/Assets/LevelBuilder/MovingFloor.uasset" 463
"C:/Users/owend/Documents/GitHub/Mazed/Content/Maps/6_BuiltData.uasset" 464
"C:/Users/owend/Documents/GitHub/Mazed/Content/Assets/LevelBuilder/Broken_End_Platform.uasset" 465
"C:/Users/owend/Documents/GitHub/Mazed/Content/Assets/LevelBuilder/Stairs_Stright__1_.uasset" 466
"C:/Users/owend/Documents/GitHub/Mazed/Content/Assets/LevelBuilder/wall.uasset" 467
"C:/Users/owend/Documents/GitHub/Mazed/Content/Maps/6.umap" 468
